<?xml version="1.0" encoding="UTF-8"?>
<!-- Generated by org.testng.reporters.JUnitReportReporter -->
<testsuite skipped="0" hostname="LAPTOP-2NC6VFDD" name="ToolsQA.HelloTest" tests="1" failures="0" timestamp="26 Mar 2020 18:03:29 GMT" time="0.010" errors="0">
  <testcase name="myTest" time="0.010" classname="ToolsQA.HelloTest"/>
</testsuite> <!-- ToolsQA.HelloTest -->
