<?xml version="1.0" encoding="UTF-8"?>
<!-- Generated by org.testng.reporters.JUnitReportReporter -->
<testsuite skipped="0" hostname="LAPTOP-2NC6VFDD" name="ToolsQA.HomePage" tests="1" failures="0" timestamp="26 Mar 2020 18:03:29 GMT" time="6.851" errors="0">
  <testcase name="navigateToHome" time="6.851" classname="ToolsQA.HomePage"/>
</testsuite> <!-- ToolsQA.HomePage -->
