<?xml version="1.0" encoding="UTF-8"?>
<!-- Generated by org.testng.reporters.JUnitReportReporter -->
<testsuite skipped="0" hostname="LAPTOP-2NC6VFDD" name="ToolsQA.HelloTest" tests="1" failures="0" timestamp="22 Mar 2020 04:45:40 GMT" time="0.004" errors="0">
  <testcase name="myTest" time="0.004" classname="ToolsQA.HelloTest"/>
</testsuite> <!-- ToolsQA.HelloTest -->
